<?xml version="1.0" encoding="UTF-8"?>
<testsuite name="WhenInterpretingInstructions" tests="1" skipped="0" failures="0" errors="0" timestamp="2018-05-09T08:29:13" hostname="NINECLOWN" time="0.499">
  <properties/>
  <testcase name="shouldInterpretingBasedOn" classname="WhenInterpretingInstructions" time="0.499"/>
  <system-out><![CDATA[]]></system-out>
  <system-err><![CDATA[SLF4J: Failed to load class "org.slf4j.impl.StaticLoggerBinder".
SLF4J: Defaulting to no-operation (NOP) logger implementation
SLF4J: See http://www.slf4j.org/codes.html#StaticLoggerBinder for further details.
]]></system-err>
</testsuite>
